
----------------------------------------------------------------------------
  cuda:
----------------------------------------------------------------------------
     Versions:
        cuda/8.0.44
        cuda/8.0.61
        cuda/9.0.176
        cuda/9.1.85
        cuda/9.2.88
        cuda/10.0.130
        cuda/10.1.168
        cuda/10.2.89
        cuda/11.0.3
        cuda/11.1.1
        cuda/11.2.2
        cuda/11.5.2
        cuda/11.6.1

----------------------------------------------------------------------------
  For detailed information about a specific "cuda" module (including how to load the modules) use the module's full name.
  For example:

     $ module spider cuda/9.2.88
----------------------------------------------------------------------------

 


Lmod is automatically replacing "python/3.9-2022.05" with
"miniconda3/4.10.3-py37".

2023-01-12 09:34:32.935203: I tensorflow/core/platform/cpu_feature_guard.cc:193] This TensorFlow binary is optimized with oneAPI Deep Neural Network Library (oneDNN) to use the following CPU instructions in performance-critical operations:  AVX2 FMA
To enable them in other operations, rebuild TensorFlow with the appropriate compiler flags.
2023-01-12 09:34:34.432829: W tensorflow/compiler/xla/stream_executor/platform/default/dso_loader.cc:64] Could not load dynamic library 'libcudart.so.11.0'; dlerror: libcudart.so.11.0: cannot open shared object file: No such file or directory; LD_LIBRARY_PATH: /usr/local/miniconda3/4.10.3-py37/lib:/usr/local/cuda/10.1.168/lib64:/usr/local/cuda/10.1.168/lib
2023-01-12 09:34:34.432870: I tensorflow/compiler/xla/stream_executor/cuda/cudart_stub.cc:29] Ignore above cudart dlerror if you do not have a GPU set up on your machine.
2023-01-12 09:34:38.290617: W tensorflow/compiler/xla/stream_executor/platform/default/dso_loader.cc:64] Could not load dynamic library 'libnvinfer.so.7'; dlerror: libnvinfer.so.7: cannot open shared object file: No such file or directory; LD_LIBRARY_PATH: /usr/local/miniconda3/4.10.3-py37/lib:/usr/local/cuda/10.1.168/lib64:/usr/local/cuda/10.1.168/lib
2023-01-12 09:34:38.291175: W tensorflow/compiler/xla/stream_executor/platform/default/dso_loader.cc:64] Could not load dynamic library 'libnvinfer_plugin.so.7'; dlerror: libnvinfer_plugin.so.7: cannot open shared object file: No such file or directory; LD_LIBRARY_PATH: /usr/local/miniconda3/4.10.3-py37/lib:/usr/local/cuda/10.1.168/lib64:/usr/local/cuda/10.1.168/lib
2023-01-12 09:34:38.291193: W tensorflow/compiler/tf2tensorrt/utils/py_utils.cc:38] TF-TRT Warning: Cannot dlopen some TensorRT libraries. If you would like to use Nvidia GPU with TensorRT, please make sure the missing libraries mentioned above are installed properly.
2023-01-12 09:34:48.482451: I tensorflow/core/platform/cpu_feature_guard.cc:193] This TensorFlow binary is optimized with oneAPI Deep Neural Network Library (oneDNN) to use the following CPU instructions in performance-critical operations:  AVX2 FMA
To enable them in other operations, rebuild TensorFlow with the appropriate compiler flags.
2023-01-12 09:34:48.525693: W tensorflow/compiler/xla/stream_executor/platform/default/dso_loader.cc:64] Could not load dynamic library 'libcusolver.so.11'; dlerror: libcusolver.so.11: cannot open shared object file: No such file or directory; LD_LIBRARY_PATH: /users/PAS0536/aminr8/.local/lib/python3.9/site-packages/cv2/../../lib64:/usr/local/miniconda3/4.10.3-py37/lib:/usr/local/cuda/10.1.168/lib64:/usr/local/cuda/10.1.168/lib
2023-01-12 09:34:48.526389: W tensorflow/compiler/xla/stream_executor/platform/default/dso_loader.cc:64] Could not load dynamic library 'libcusparse.so.11'; dlerror: libcusparse.so.11: cannot open shared object file: No such file or directory; LD_LIBRARY_PATH: /users/PAS0536/aminr8/.local/lib/python3.9/site-packages/cv2/../../lib64:/usr/local/miniconda3/4.10.3-py37/lib:/usr/local/cuda/10.1.168/lib64:/usr/local/cuda/10.1.168/lib
2023-01-12 09:34:48.526441: W tensorflow/core/common_runtime/gpu/gpu_device.cc:1934] Cannot dlopen some GPU libraries. Please make sure the missing libraries mentioned above are installed properly if you would like to use GPU. Follow the guide at https://www.tensorflow.org/install/gpu for how to download and setup the required libraries for your platform.
Skipping registering GPU devices...
2023-01-12 09:34:48.609444: W tensorflow/core/common_runtime/gpu/gpu_device.cc:1934] Cannot dlopen some GPU libraries. Please make sure the missing libraries mentioned above are installed properly if you would like to use GPU. Follow the guide at https://www.tensorflow.org/install/gpu for how to download and setup the required libraries for your platform.
Skipping registering GPU devices...
A.L.E: Arcade Learning Environment (version 0.8.0+919230b)
[Powered by Stella]
/users/PAS0536/aminr8/.local/lib/python3.9/site-packages/gym/utils/passive_env_checker.py:289: UserWarning: [33mWARN: No render fps was declared in the environment (env.metadata['render_fps'] is None or not defined), rendering may occur at inconsistent fps.[0m
  logger.warn(
/users/PAS0536/aminr8/.local/lib/python3.9/site-packages/gym/utils/passive_env_checker.py:233: DeprecationWarning: `np.bool8` is a deprecated alias for `np.bool_`.  (Deprecated NumPy 1.24)
  if not isinstance(terminated, (bool, np.bool8)):
slurmstepd: error: *** JOB 22982918 ON o0740 CANCELLED AT 2023-01-12T13:34:36 DUE TO TIME LIMIT ***
